<?xml version="1.0" encoding="UTF-8"?>
<!-- Generated by org.testng.reporters.JUnitReportReporter -->
<testsuite hostname="NanduNikki" failures="0" tests="1" name="datadrivenTesting.XML_ParameterizationTest" time="20.063" errors="0" timestamp="2024-02-22T13:39:56 IST" skipped="0">
  <testcase classname="datadrivenTesting.XML_ParameterizationTest" name="loginTest" time="20.063"/>
</testsuite> <!-- datadrivenTesting.XML_ParameterizationTest -->
